<?xml version="1.0" encoding="UTF-8"?>
<testsuite xmlns:xsi="http://www.w3.org/2001/XMLSchema-instance" xsi:noNamespaceSchemaLocation="https://maven.apache.org/surefire/maven-surefire-plugin/xsd/surefire-test-report-3.0.xsd" version="3.0" name="model.BoardTest" time="0.035" tests="16" errors="0" skipped="0" failures="0">
  <properties>
[...]
</properties>
  <testcase name="testMarkFinishingMove" classname="model.BoardTest" time="0.013"/>
  <testcase name="testPlayingValidPosition" classname="model.BoardTest" time="0.001"/>
  <testcase name="testTwoOnAntiDiagonalIsNotYetAWin" classname="model.BoardTest" time="0.001"/>
  <testcase name="testPlayWinsHorizontally" classname="model.BoardTest" time="0.0"/>
  <testcase name="testPlayerWinsVertically" classname="model.BoardTest" time="0.0"/>
  <testcase name="testRowOutOfBounds" classname="model.BoardTest" time="0.001"/>
  <testcase name="testColumnOutOfBounds" classname="model.BoardTest" time="0.001"/>
  <testcase name="testPlayerWinsDiagonallyA" classname="model.BoardTest" time="0.0"/>
  <testcase name="testPlayingInFinishedGame" classname="model.BoardTest" time="0.001"/>
  <testcase name="testMarkNonFinishingMove" classname="model.BoardTest" time="0.001"/>
  <testcase name="testXWinsDiagonallyB" classname="model.BoardTest" time="0.0"/>
  <testcase name="testTwoOnMainDiagonalIsNotYetAWin" classname="model.BoardTest" time="0.0"/>
  <testcase name="testTwoInARowIsNotYetAWin" classname="model.BoardTest" time="0.001"/>
  <testcase name="testPlayingInNonEmptyCell" classname="model.BoardTest" time="0.0"/>
  <testcase name="testNewBoard" classname="model.BoardTest" time="0.001"/>
  <testcase name="testMarkInvalidPosition" classname="model.BoardTest" time="0.0"/>
</testsuite>